[2025-04-18T21:52:13.915Z] ERROR: InvalidArgTypeError: Expected undefined to be "string", received "undefined"
    at QueryResolver.preResolve (C:\Users\UserR\Desktop\Voltacik Müsic\node_modules\discord-player\dist\index.js:844:13)
    at _Player.search (C:\Users\UserR\Desktop\Voltacik Müsic\node_modules\discord-player\dist\index.js:6594:44)
    at _Player.play (C:\Users\UserR\Desktop\Voltacik Müsic\node_modules\discord-player\dist\index.js:6474:79)
    at _GuildQueue.play (C:\Users\UserR\Desktop\Voltacik Müsic\node_modules\discord-player\dist\index.js:5130:24)
    at Object.execute (C:\Users\UserR\Desktop\Voltacik Müsic\commands\play.js:82:25)
    at process.processTicksAndRejections (node:internal/process/task_queues:105:5)
    at async CommandHandler.handleCommand (C:\Users\UserR\Desktop\Voltacik Müsic\utils\commandHandler.js:49:1)
    at async Client.<anonymous> (C:\Users\UserR\Desktop\Voltacik Müsic\voltacik.js:36:1)
[2025-04-18T21:55:07.936Z] ERROR: InvalidArgTypeError: Expected undefined to be "string", received "undefined"
    at QueryResolver.preResolve (C:\Users\UserR\Desktop\Voltacik Müsic\node_modules\discord-player\dist\index.js:844:13)
    at _Player.search (C:\Users\UserR\Desktop\Voltacik Müsic\node_modules\discord-player\dist\index.js:6594:44)
    at _Player.play (C:\Users\UserR\Desktop\Voltacik Müsic\node_modules\discord-player\dist\index.js:6474:79)
    at _GuildQueue.play (C:\Users\UserR\Desktop\Voltacik Müsic\node_modules\discord-player\dist\index.js:5130:24)
    at Object.execute (C:\Users\UserR\Desktop\Voltacik Müsic\commands\play.js:83:25)
    at process.processTicksAndRejections (node:internal/process/task_queues:105:5)
    at async CommandHandler.handleCommand (C:\Users\UserR\Desktop\Voltacik Müsic\utils\commandHandler.js:49:1)
    at async Client.<anonymous> (C:\Users\UserR\Desktop\Voltacik Müsic\voltacik.js:36:1)
[2025-04-18T21:56:17.770Z] ERROR: InvalidArgTypeError: Expected undefined to be "string", received "undefined"
    at QueryResolver.preResolve (C:\Users\UserR\Desktop\Voltacik Müsic\node_modules\discord-player\dist\index.js:844:13)
    at _Player.search (C:\Users\UserR\Desktop\Voltacik Müsic\node_modules\discord-player\dist\index.js:6594:44)
    at _Player.play (C:\Users\UserR\Desktop\Voltacik Müsic\node_modules\discord-player\dist\index.js:6474:79)
    at _GuildQueue.play (C:\Users\UserR\Desktop\Voltacik Müsic\node_modules\discord-player\dist\index.js:5130:24)
    at Object.execute (C:\Users\UserR\Desktop\Voltacik Müsic\commands\play.js:83:25)
    at process.processTicksAndRejections (node:internal/process/task_queues:105:5)
    at async CommandHandler.handleCommand (C:\Users\UserR\Desktop\Voltacik Müsic\utils\commandHandler.js:49:1)
    at async Client.<anonymous> (C:\Users\UserR\Desktop\Voltacik Müsic\voltacik.js:36:1)
[2025-04-18T21:57:11.325Z] ERROR: Error [InteractionAlreadyReplied]: The reply to this interaction has already been sent or deferred.
    at ChatInputCommandInteraction.deferReply (C:\Users\UserR\Desktop\Voltacik Müsic\node_modules\discord.js\src\structures\interfaces\InteractionResponses.js:94:46)
    at Object.execute (C:\Users\UserR\Desktop\Voltacik Müsic\commands\play.js:26:27)
    at process.processTicksAndRejections (node:internal/process/task_queues:105:5)
    at async CommandHandler.handleCommand (C:\Users\UserR\Desktop\Voltacik Müsic\utils\commandHandler.js:49:1)
    at async Client.<anonymous> (C:\Users\UserR\Desktop\Voltacik Müsic\voltacik.js:36:1)
[2025-04-18T21:58:33.978Z] ERROR: Error [InteractionAlreadyReplied]: The reply to this interaction has already been sent or deferred.
    at ChatInputCommandInteraction.deferReply (C:\Users\UserR\Desktop\Voltacik Müsic\node_modules\discord.js\src\structures\interfaces\InteractionResponses.js:94:46)
    at Object.execute (C:\Users\UserR\Desktop\Voltacik Müsic\commands\play.js:26:27)
    at process.processTicksAndRejections (node:internal/process/task_queues:105:5)
    at async CommandHandler.handleCommand (C:\Users\UserR\Desktop\Voltacik Müsic\utils\commandHandler.js:49:1)
    at async Client.<anonymous> (C:\Users\UserR\Desktop\Voltacik Müsic\voltacik.js:36:1)
[2025-04-18T21:59:04.535Z] ERROR: InvalidArgTypeError: Expected undefined to be "string", received "undefined"
    at QueryResolver.preResolve (C:\Users\UserR\Desktop\Voltacik Müsic\node_modules\discord-player\dist\index.js:844:13)
    at _Player.search (C:\Users\UserR\Desktop\Voltacik Müsic\node_modules\discord-player\dist\index.js:6594:44)
    at _Player.play (C:\Users\UserR\Desktop\Voltacik Müsic\node_modules\discord-player\dist\index.js:6474:79)
    at _GuildQueue.play (C:\Users\UserR\Desktop\Voltacik Müsic\node_modules\discord-player\dist\index.js:5130:24)
    at Object.execute (C:\Users\UserR\Desktop\Voltacik Müsic\commands\play.js:79:25)
    at process.processTicksAndRejections (node:internal/process/task_queues:105:5)
    at async CommandHandler.handleCommand (C:\Users\UserR\Desktop\Voltacik Müsic\utils\commandHandler.js:49:1)
    at async Client.<anonymous> (C:\Users\UserR\Desktop\Voltacik Müsic\voltacik.js:36:1)
[2025-04-18T22:03:16.165Z] ERROR: Error: Received one or more errors
    at _UnionValidator.handle (C:\Users\UserR\Desktop\Voltacik Müsic\node_modules\@sapphire\shapeshift\dist\cjs\index.cjs:1965:23)
    at _UnionValidator.parse (C:\Users\UserR\Desktop\Voltacik Müsic\node_modules\@sapphire\shapeshift\dist\cjs\index.cjs:972:90)
    at EmbedBuilder.setThumbnail (C:\Users\UserR\Desktop\Voltacik Müsic\node_modules\@discordjs\builders\dist\index.js:349:23)
    at Object.execute (C:\Users\UserR\Desktop\Voltacik Müsic\commands\play.js:87:3)
    at process.processTicksAndRejections (node:internal/process/task_queues:105:5)
    at async CommandHandler.handleCommand (C:\Users\UserR\Desktop\Voltacik Müsic\utils\commandHandler.js:49:1)
    at async Client.<anonymous> (C:\Users\UserR\Desktop\Voltacik Müsic\voltacik.js:36:1)
[2025-04-18T22:04:08.318Z] ERROR: Error: Received one or more errors
    at _UnionValidator.handle (C:\Users\UserR\Desktop\Voltacik Müsic\node_modules\@sapphire\shapeshift\dist\cjs\index.cjs:1965:23)
    at _UnionValidator.parse (C:\Users\UserR\Desktop\Voltacik Müsic\node_modules\@sapphire\shapeshift\dist\cjs\index.cjs:972:90)
    at EmbedBuilder.setThumbnail (C:\Users\UserR\Desktop\Voltacik Müsic\node_modules\@discordjs\builders\dist\index.js:349:23)
    at Object.execute (C:\Users\UserR\Desktop\Voltacik Müsic\commands\play.js:87:3)
    at process.processTicksAndRejections (node:internal/process/task_queues:105:5)
    at async CommandHandler.handleCommand (C:\Users\UserR\Desktop\Voltacik Müsic\utils\commandHandler.js:49:1)
    at async Client.<anonymous> (C:\Users\UserR\Desktop\Voltacik Müsic\voltacik.js:36:1)
[2025-04-18T22:09:47.064Z] ERROR: Error: Received one or more errors
    at _UnionValidator.handle (C:\Users\UserR\Desktop\Voltacik Müsic\node_modules\@sapphire\shapeshift\dist\cjs\index.cjs:1965:23)
    at _UnionValidator.parse (C:\Users\UserR\Desktop\Voltacik Müsic\node_modules\@sapphire\shapeshift\dist\cjs\index.cjs:972:90)
    at EmbedBuilder.setThumbnail (C:\Users\UserR\Desktop\Voltacik Müsic\node_modules\@discordjs\builders\dist\index.js:349:23)
    at Object.execute (C:\Users\UserR\Desktop\Voltacik Müsic\commands\play.js:94:10)
    at process.processTicksAndRejections (node:internal/process/task_queues:105:5)
    at async CommandHandler.handleCommand (C:\Users\UserR\Desktop\Voltacik Müsic\utils\commandHandler.js:49:7)
    at async Client.<anonymous> (C:\Users\UserR\Desktop\Voltacik Müsic\voltacik.js:36:1)
[2025-04-18T22:12:09.726Z] ERROR: DiscordAPIError[50035]: Invalid Form Body
components[0].components[BASE_TYPE_BAD_LENGTH]: Must be between 1 and 5 in length.
    at handleErrors (C:\Users\UserR\Desktop\Voltacik Müsic\node_modules\@discordjs\rest\dist\index.js:727:13)
    at process.processTicksAndRejections (node:internal/process/task_queues:105:5)
    at async SequentialHandler.runRequest (C:\Users\UserR\Desktop\Voltacik Müsic\node_modules\@discordjs\rest\dist\index.js:1128:23)
    at async SequentialHandler.queueRequest (C:\Users\UserR\Desktop\Voltacik Müsic\node_modules\@discordjs\rest\dist\index.js:959:14)
    at async _REST.request (C:\Users\UserR\Desktop\Voltacik Müsic\node_modules\@discordjs\rest\dist\index.js:1272:22)
    at async InteractionWebhook.editMessage (C:\Users\UserR\Desktop\Voltacik Müsic\node_modules\discord.js\src\structures\Webhook.js:340:15)
    at async ChatInputCommandInteraction.editReply (C:\Users\UserR\Desktop\Voltacik Müsic\node_modules\discord.js\src\structures\interfaces\InteractionResponses.js:248:17)
    at async Object.execute (C:\Users\UserR\Desktop\Voltacik Müsic\commands\play.js:101:21)
    at async CommandHandler.handleCommand (C:\Users\UserR\Desktop\Voltacik Müsic\utils\commandHandler.js:49:7)
    at async Client.<anonymous> (C:\Users\UserR\Desktop\Voltacik Müsic\voltacik.js:36:1)
[2025-04-19T11:38:20.226Z] ERROR: TypeError: Cannot read properties of undefined (reading 'player')
    at Object.execute (C:\Users\UserR\Desktop\Voltacik Müsic\commands\queue.js:10:30)
    at CommandHandler.handleCommand (C:\Users\UserR\Desktop\Voltacik Müsic\utils\commandHandler.js:49:21)
    at Client.<anonymous> (C:\Users\UserR\Desktop\Voltacik Müsic\voltacik.js:36:27)
    at Client.emit (node:events:530:35)
    at InteractionCreateAction.handle (C:\Users\UserR\Desktop\Voltacik Müsic\node_modules\discord.js\src\client\actions\InteractionCreate.js:97:12)
    at module.exports [as INTERACTION_CREATE] (C:\Users\UserR\Desktop\Voltacik Müsic\node_modules\discord.js\src\client\websocket\handlers\INTERACTION_CREATE.js:4:36)
    at WebSocketManager.handlePacket (C:\Users\UserR\Desktop\Voltacik Müsic\node_modules\discord.js\src\client\websocket\WebSocketManager.js:348:31)
    at WebSocketManager.<anonymous> (C:\Users\UserR\Desktop\Voltacik Müsic\node_modules\discord.js\src\client\websocket\WebSocketManager.js:232:12)
    at WebSocketManager.emit (C:\Users\UserR\Desktop\Voltacik Müsic\node_modules\@vladfrangu\async_event_emitter\dist\index.cjs:287:31)
    at WebSocketShard.<anonymous> (C:\Users\UserR\Desktop\Voltacik Müsic\node_modules\@discordjs\ws\dist\index.js:1190:51)
[2025-04-19T11:45:53.762Z] ERROR: TypeError: Cannot read properties of undefined (reading 'player')
    at Object.execute (C:\Users\UserR\Desktop\Voltacik Müsic\commands\queue.js:17:21)
    at CommandHandler.handleCommand (C:\Users\UserR\Desktop\Voltacik Müsic\utils\commandHandler.js:49:21)
    at Client.<anonymous> (C:\Users\UserR\Desktop\Voltacik Müsic\voltacik.js:61:43)
    at Client.emit (node:events:530:35)
    at InteractionCreateAction.handle (C:\Users\UserR\Desktop\Voltacik Müsic\node_modules\discord.js\src\client\actions\InteractionCreate.js:97:12)
    at module.exports [as INTERACTION_CREATE] (C:\Users\UserR\Desktop\Voltacik Müsic\node_modules\discord.js\src\client\websocket\handlers\INTERACTION_CREATE.js:4:36)
    at WebSocketManager.handlePacket (C:\Users\UserR\Desktop\Voltacik Müsic\node_modules\discord.js\src\client\websocket\WebSocketManager.js:348:31)
    at WebSocketManager.<anonymous> (C:\Users\UserR\Desktop\Voltacik Müsic\node_modules\discord.js\src\client\websocket\WebSocketManager.js:232:12)
    at WebSocketManager.emit (C:\Users\UserR\Desktop\Voltacik Müsic\node_modules\@vladfrangu\async_event_emitter\dist\index.cjs:287:31)
    at WebSocketShard.<anonymous> (C:\Users\UserR\Desktop\Voltacik Müsic\node_modules\@discordjs\ws\dist\index.js:1190:51)
[2025-04-20T12:03:28.207Z] ERROR: TypeError: queue.node.getPlayedTime is not a function
    at updateProgress (C:\Users\UserR\Desktop\Voltacik Müsic\commands\nowplaying.js:27:42)
    at Object.execute (C:\Users\UserR\Desktop\Voltacik Müsic\commands\nowplaying.js:59:15)
    at process.processTicksAndRejections (node:internal/process/task_queues:105:5)
    at async CommandHandler.handleCommand (C:\Users\UserR\Desktop\Voltacik Müsic\utils\commandHandler.js:51:7)
    at async Client.<anonymous> (C:\Users\UserR\Desktop\Voltacik Müsic\voltacik.js:69:17)
[2025-04-20T21:11:37.722Z] ERROR: TypeError: queue.node.getPlayedTime is not a function
    at updateProgress (C:\Users\UserR\Desktop\Voltacik Müsic\commands\nowplaying.js:27:42)
    at Object.execute (C:\Users\UserR\Desktop\Voltacik Müsic\commands\nowplaying.js:59:15)
    at process.processTicksAndRejections (node:internal/process/task_queues:105:5)
    at async CommandHandler.handleCommand (C:\Users\UserR\Desktop\Voltacik Müsic\utils\commandHandler.js:51:7)
    at async Client.<anonymous> (C:\Users\UserR\Desktop\Voltacik Müsic\voltacik.js:69:17)
[21.04.2025 01:04:04] [ERROR]: Komut çalıştırılırken hata (skip): Received one or more errors
